[0m09:37:53.360689 [debug] [MainThread]: Sending event: {'category': 'dbt', 'action': 'invocation', 'label': 'start', 'context': [<snowplow_tracker.self_describing_json.SelfDescribingJson object at 0x7f45e2bf4640>, <snowplow_tracker.self_describing_json.SelfDescribingJson object at 0x7f45e118f550>, <snowplow_tracker.self_describing_json.SelfDescribingJson object at 0x7f45e118f5b0>]}


============================== 09:37:53.420981 | 7679ebe5-f29f-4221-9138-ac78ae33776a ==============================
[0m09:37:53.420981 [info ] [MainThread]: Running with dbt=1.6.5
[0m09:37:53.421495 [debug] [MainThread]: running dbt with arguments {'printer_width': '80', 'indirect_selection': 'eager', 'log_cache_events': 'False', 'write_json': 'True', 'partial_parse': 'True', 'cache_selected_only': 'False', 'profiles_dir': '/home/ngancht/.dbt', 'fail_fast': 'False', 'version_check': 'True', 'log_path': 'logs', 'warn_error': 'None', 'debug': 'False', 'use_colors': 'True', 'use_experimental_parser': 'False', 'no_print': 'None', 'quiet': 'False', 'warn_error_options': 'WarnErrorOptions(include=[], exclude=[])', 'introspect': 'True', 'invocation_command': 'dbt init dbt-ws', 'static_parser': 'True', 'target_path': 'None', 'log_format': 'default', 'send_anonymous_usage_stats': 'True'}
[0m09:38:53.669510 [debug] [MainThread]: Starter project path: /home/ngancht/ddbt/dbt-workshop/.env/lib/python3.10/site-packages/dbt/include/starter_project
[0m09:38:53.675364 [info ] [MainThread]: 
Your new dbt project "dbt_ws" was created!

For more information on how to configure the profiles.yml file,
please consult the dbt documentation here:

  https://docs.getdbt.com/docs/configure-your-profile

One more thing:

Need help? Don't hesitate to reach out to us via GitHub issues or on Slack:

  https://community.getdbt.com/

Happy modeling!

[0m09:38:53.676265 [info ] [MainThread]: Setting up your profile.
[0m09:43:52.358087 [debug] [MainThread]: Sending event: {'category': 'dbt', 'action': 'invocation', 'label': 'start', 'context': [<snowplow_tracker.self_describing_json.SelfDescribingJson object at 0x7fc404918460>, <snowplow_tracker.self_describing_json.SelfDescribingJson object at 0x7fc402c5b4c0>, <snowplow_tracker.self_describing_json.SelfDescribingJson object at 0x7fc402c5b520>]}


============================== 09:43:52.382128 | b72b1482-ff74-4064-927b-5c9decd567e9 ==============================
[0m09:43:52.382128 [info ] [MainThread]: Running with dbt=1.6.5
[0m09:43:52.382622 [debug] [MainThread]: running dbt with arguments {'printer_width': '80', 'indirect_selection': 'eager', 'log_cache_events': 'False', 'write_json': 'True', 'partial_parse': 'True', 'cache_selected_only': 'False', 'warn_error': 'None', 'debug': 'False', 'fail_fast': 'False', 'log_path': 'logs', 'profiles_dir': '/home/ngancht/.dbt', 'version_check': 'True', 'use_colors': 'True', 'use_experimental_parser': 'False', 'no_print': 'None', 'quiet': 'False', 'log_format': 'default', 'static_parser': 'True', 'invocation_command': 'dbt init dbt_ws', 'warn_error_options': 'WarnErrorOptions(include=[], exclude=[])', 'target_path': 'None', 'introspect': 'True', 'send_anonymous_usage_stats': 'True'}
[0m09:43:52.383716 [info ] [MainThread]: A project called dbt_ws already exists here.
[0m09:43:52.384475 [debug] [MainThread]: Command `dbt init` succeeded at 09:43:52.384321 after 0.03 seconds
[0m09:43:52.384946 [debug] [MainThread]: Sending event: {'category': 'dbt', 'action': 'invocation', 'label': 'end', 'context': [<snowplow_tracker.self_describing_json.SelfDescribingJson object at 0x7fc404918460>, <snowplow_tracker.self_describing_json.SelfDescribingJson object at 0x7fc406b0fc10>, <snowplow_tracker.self_describing_json.SelfDescribingJson object at 0x7fc402c5be20>]}
[0m09:43:52.385365 [debug] [MainThread]: Flushing usage events
[0m09:44:22.353926 [debug] [MainThread]: Sending event: {'category': 'dbt', 'action': 'invocation', 'label': 'start', 'context': [<snowplow_tracker.self_describing_json.SelfDescribingJson object at 0x7f2da65fc460>, <snowplow_tracker.self_describing_json.SelfDescribingJson object at 0x7f2da4bb74c0>, <snowplow_tracker.self_describing_json.SelfDescribingJson object at 0x7f2da4bb7520>]}


============================== 09:44:22.381538 | 90f9d5be-96a5-400d-820f-cee543234d08 ==============================
[0m09:44:22.381538 [info ] [MainThread]: Running with dbt=1.6.5
[0m09:44:22.382027 [debug] [MainThread]: running dbt with arguments {'printer_width': '80', 'indirect_selection': 'eager', 'log_cache_events': 'False', 'write_json': 'True', 'partial_parse': 'True', 'cache_selected_only': 'False', 'warn_error': 'None', 'fail_fast': 'False', 'debug': 'False', 'log_path': 'logs', 'profiles_dir': '/home/ngancht/.dbt', 'version_check': 'True', 'use_colors': 'True', 'use_experimental_parser': 'False', 'no_print': 'None', 'quiet': 'False', 'log_format': 'default', 'static_parser': 'True', 'introspect': 'True', 'invocation_command': 'dbt init dbt_ws', 'target_path': 'None', 'warn_error_options': 'WarnErrorOptions(include=[], exclude=[])', 'send_anonymous_usage_stats': 'True'}
[0m09:44:22.382695 [debug] [MainThread]: Starter project path: /home/ngancht/ddbt/dbt-workshop/.env/lib/python3.10/site-packages/dbt/include/starter_project
[0m09:44:22.384855 [info ] [MainThread]: 
Your new dbt project "dbt_ws" was created!

For more information on how to configure the profiles.yml file,
please consult the dbt documentation here:

  https://docs.getdbt.com/docs/configure-your-profile

One more thing:

Need help? Don't hesitate to reach out to us via GitHub issues or on Slack:

  https://community.getdbt.com/

Happy modeling!

[0m09:44:22.385198 [info ] [MainThread]: Setting up your profile.
[0m09:45:39.894632 [info ] [MainThread]: Profile dbt_ws written to /home/ngancht/.dbt/profiles.yml using target's profile_template.yml and your supplied values. Run 'dbt debug' to validate the connection.
[0m09:45:39.895417 [debug] [MainThread]: Command `dbt init` succeeded at 09:45:39.895301 after 77.55 seconds
[0m09:45:39.895798 [debug] [MainThread]: Sending event: {'category': 'dbt', 'action': 'invocation', 'label': 'end', 'context': [<snowplow_tracker.self_describing_json.SelfDescribingJson object at 0x7f2da65fc460>, <snowplow_tracker.self_describing_json.SelfDescribingJson object at 0x7f2da89c7c10>, <snowplow_tracker.self_describing_json.SelfDescribingJson object at 0x7f2da4bb7460>]}
[0m09:45:39.896196 [debug] [MainThread]: Flushing usage events
